<?xml version="1.0" encoding="UTF-8"?>
<!-- Generated by org.testng.reporters.JUnitReportReporter -->
<testsuite hostname="HP-LAPTOP" failures="0" tests="3" name="testScripts.HomeTest" time="11.516" errors="0" timestamp="2025-09-23T11:42:55 IST" skipped="0">
  <testcase classname="testScripts.HomeTest" name="verifyUserIsAbleToLogout" time="5.525"/>
  <testcase classname="testScripts.HomeTest" name="verifyUserIsAbleToLogout" time="3.563"/>
  <testcase classname="testScripts.HomeTest" name="verifyUserIsAbleToLogout" time="2.428"/>
</testsuite> <!-- testScripts.HomeTest -->
