<?xml version="1.0" encoding="UTF-8"?>
<!-- Generated by org.testng.reporters.JUnitReportReporter -->
<testsuite hostname="HP-LAPTOP" failures="0" tests="3" name="testScripts.ManageNewsTest" time="10.548" errors="0" timestamp="2025-09-24T22:37:10 IST" skipped="0">
  <testcase classname="testScripts.ManageNewsTest" name="verifyUserIsAbleToAddNewUser" time="5.683"/>
  <testcase classname="testScripts.ManageNewsTest" name="verifyUserIsAbleToSearchTheNewNews" time="2.456"/>
  <testcase classname="testScripts.ManageNewsTest" name="verifyUserIsAbleToResetTheManualList" time="2.409"/>
</testsuite> <!-- testScripts.ManageNewsTest -->
