<?xml version="1.0" encoding="UTF-8"?>
<!-- Generated by org.testng.reporters.JUnitReportReporter -->
<testsuite hostname="HP-LAPTOP" failures="0" tests="1" name="testScripts.AdminUsersTest" time="4.088" errors="0" timestamp="2025-09-24T23:26:56 IST" skipped="0">
  <testcase classname="testScripts.AdminUsersTest" name="verifyUserIsAbleToSearchTheNewUser" time="4.088"/>
</testsuite> <!-- testScripts.AdminUsersTest -->
