<?xml version="1.0" encoding="UTF-8"?>
<!-- Generated by org.testng.reporters.JUnitReportReporter -->
<testsuite hostname="HP-LAPTOP" failures="0" tests="1" name="testScripts.LoginTest" time="4.779" errors="0" timestamp="2025-10-02T10:36:55 IST" skipped="0">
  <testcase classname="testScripts.LoginTest" name="verifyUserLoginWithValidCredentials" time="4.779"/>
</testsuite> <!-- testScripts.LoginTest -->
