<?xml version="1.0" encoding="UTF-8"?>
<!-- Generated by org.testng.reporters.JUnitReportReporter -->
<testsuite hostname="HP-LAPTOP" failures="0" tests="2" name="testScripts.LoginTest" time="11.038" errors="0" timestamp="2025-09-24T12:39:11 IST" skipped="0">
  <testcase classname="testScripts.LoginTest" name="verifyUserLoginWithInvalidCredentials" time="5.081"/>
  <testcase classname="testScripts.LoginTest" name="verifyUserLoginWithInvalidCredentials" time="5.957"/>
</testsuite> <!-- testScripts.LoginTest -->
